app/build/intermediates/manifest_merge_blame_file/debug/manifest-merger-blame-debug-report.txt
1<?xml version="1.0" encoding="utf-8"?>
2<manifest xmlns:android="http://schemas.android.com/apk/res/android"
3    package="com.example.vikasojha.quizbee"
4    android:versionCode="1"
5    android:versionName="1.0" >
6
7    <uses-sdk
8        android:minSdkVersion="16"
8-->src\main\AndroidManifest.xml
9        android:targetSdkVersion="28" />
9-->src\main\AndroidManifest.xml
10
11    <application
11-->src\main\AndroidManifest.xml:5:5-33:19
12        android:allowBackup="true"
12-->src\main\AndroidManifest.xml:6:9-35
13        android:debuggable="true"
14        android:icon="@mipmap/ic_launcher"
14-->src\main\AndroidManifest.xml:7:9-43
15        android:label="@string/app_name"
15-->src\main\AndroidManifest.xml:8:9-41
16        android:supportsRtl="true"
16-->src\main\AndroidManifest.xml:9:9-35
17        android:theme="@style/AppTheme" >
17-->src\main\AndroidManifest.xml:10:9-40
18        <activity android:name="com.example.vikasojha.quizbee.MainActivity" >
18-->src\main\AndroidManifest.xml:11:9-17:20
18-->src\main\AndroidManifest.xml:11:19-47
19            <intent-filter>
19-->src\main\AndroidManifest.xml:12:13-16:29
20                <action android:name="android.intent.action.MAIN" />
20-->src\main\AndroidManifest.xml:13:17-69
20-->src\main\AndroidManifest.xml:13:25-66
21
22                <category android:name="android.intent.category.LAUNCHER" />
22-->src\main\AndroidManifest.xml:15:17-77
22-->src\main\AndroidManifest.xml:15:27-74
23            </intent-filter>
24        </activity>
25        <activity android:name="com.example.vikasojha.quizbee.QuestionsActivity" >
25-->src\main\AndroidManifest.xml:18:9-24:20
25-->src\main\AndroidManifest.xml:18:19-52
26            <intent-filter>
26-->src\main\AndroidManifest.xml:19:13-23:29
27                <action android:name="com.example.vikasojha.quizbee.QuestionsActivity" />
27-->src\main\AndroidManifest.xml:20:17-90
27-->src\main\AndroidManifest.xml:20:25-87
28
29                <category android:name="android.intent.category.DEFAULT" />
29-->src\main\AndroidManifest.xml:22:17-76
29-->src\main\AndroidManifest.xml:22:27-73
30            </intent-filter>
31        </activity>
32        <activity android:name="com.example.vikasojha.quizbee.DeveloperActivity" >
32-->src\main\AndroidManifest.xml:25:9-31:20
32-->src\main\AndroidManifest.xml:25:19-52
33            <intent-filter>
33-->src\main\AndroidManifest.xml:26:13-30:29
34                <action android:name="com.example.vikasojha.quizbee.DeveloperActivity" />
34-->src\main\AndroidManifest.xml:27:17-90
34-->src\main\AndroidManifest.xml:27:25-87
35
36                <category android:name="android.intent.category.DEFAULT" />
36-->src\main\AndroidManifest.xml:22:17-76
36-->src\main\AndroidManifest.xml:22:27-73
37            </intent-filter>
38        </activity>
39        <activity android:name="com.example.vikasojha.quizbee.ResultActivity" />
39-->src\main\AndroidManifest.xml:32:9-61
39-->src\main\AndroidManifest.xml:32:19-49
40    </application>
41
42</manifest>